-------------------------------------------------------------------------------
Test set: org.opendaylight.yang.gen.v1.urn.opendaylight.params.xml.ns.yang.multifunctional.impl.rev141210.MultifunctionalModuleFactoryTest
-------------------------------------------------------------------------------
Tests run: 1, Failures: 0, Errors: 0, Skipped: 0, Time elapsed: 0 sec - in org.opendaylight.yang.gen.v1.urn.opendaylight.params.xml.ns.yang.multifunctional.impl.rev141210.MultifunctionalModuleFactoryTest
